os: FreeBSD
arch: amd64
cpu: 11th Gen Intel(R) Core(TM) i7-1165G7 @ 2.80GHz

BenchmarkStrcmpShortAligned	9004	120917.34 ns/op	1033.764 MB/s
BenchmarkStrcmpMidAligned	42080	28560.825 ns/op	4376.6243 MB/s
BenchmarkStrcmpLongAligned	130071	9225.8768 ns/op	13548.848 MB/s
BenchmarkStrcmpShortUnaligned	7316	147162.74 ns/op	849.3998 MB/s
BenchmarkStrcmpMidUnaligned	14336	83770.002 ns/op	1492.1809 MB/s
BenchmarkStrcmpLongUnaligned	17630	68023.181 ns/op	1837.6088 MB/s
os: FreeBSD
arch: amd64
cpu: 11th Gen Intel(R) Core(TM) i7-1165G7 @ 2.80GHz

BenchmarkStrcmpShortAligned	9804	121700.79 ns/op	1027.1091 MB/s
BenchmarkStrcmpMidAligned	42063	28651.603 ns/op	4362.7577 MB/s
BenchmarkStrcmpLongAligned	130068	9227.2708 ns/op	13546.801 MB/s
BenchmarkStrcmpShortUnaligned	8290	145242.16 ns/op	860.63168 MB/s
BenchmarkStrcmpMidUnaligned	14299	104802.51 ns/op	1192.7195 MB/s
BenchmarkStrcmpLongUnaligned	17061	68023.497 ns/op	1837.6003 MB/s
os: FreeBSD
arch: amd64
cpu: 11th Gen Intel(R) Core(TM) i7-1165G7 @ 2.80GHz

BenchmarkStrcmpShortAligned	8191	122565.2 ns/op	1019.8653 MB/s
BenchmarkStrcmpMidAligned	42486	28194.9 ns/op	4433.4259 MB/s
BenchmarkStrcmpLongAligned	130070	9228.4284 ns/op	13545.102 MB/s
BenchmarkStrcmpShortUnaligned	7468	144952.55 ns/op	862.35115 MB/s
BenchmarkStrcmpMidUnaligned	14308	83829.263 ns/op	1491.1261 MB/s
BenchmarkStrcmpLongUnaligned	17641	68025.376 ns/op	1837.5496 MB/s
os: FreeBSD
arch: amd64
cpu: 11th Gen Intel(R) Core(TM) i7-1165G7 @ 2.80GHz

BenchmarkStrcmpShortAligned	9526	120972.77 ns/op	1033.2904 MB/s
BenchmarkStrcmpMidAligned	42422	28240.484 ns/op	4426.2698 MB/s
BenchmarkStrcmpLongAligned	130060	9226.903 ns/op	13547.341 MB/s
BenchmarkStrcmpShortUnaligned	8323	145727.27 ns/op	857.76668 MB/s
BenchmarkStrcmpMidUnaligned	14326	83705.165 ns/op	1493.3368 MB/s
BenchmarkStrcmpLongUnaligned	17640	68025.269 ns/op	1837.5525 MB/s
os: FreeBSD
arch: amd64
cpu: 11th Gen Intel(R) Core(TM) i7-1165G7 @ 2.80GHz

BenchmarkStrcmpShortAligned	8168	124877.71 ns/op	1000.9793 MB/s
BenchmarkStrcmpMidAligned	42516	28265.11 ns/op	4422.4133 MB/s
BenchmarkStrcmpLongAligned	130057	9229.4372 ns/op	13543.621 MB/s
BenchmarkStrcmpShortUnaligned	8240	147184.88 ns/op	849.27202 MB/s
BenchmarkStrcmpMidUnaligned	10000	108686.07 ns/op	1150.1013 MB/s
BenchmarkStrcmpLongUnaligned	17025	68023.682 ns/op	1837.5953 MB/s
os: FreeBSD
arch: amd64
cpu: 11th Gen Intel(R) Core(TM) i7-1165G7 @ 2.80GHz

BenchmarkStrcmpShortAligned	9520	119582.73 ns/op	1045.3014 MB/s
BenchmarkStrcmpMidAligned	41205	28891.568 ns/op	4326.5218 MB/s
BenchmarkStrcmpLongAligned	130065	9226.372 ns/op	13548.12 MB/s
BenchmarkStrcmpShortUnaligned	8224	144997.71 ns/op	862.08256 MB/s
BenchmarkStrcmpMidUnaligned	14286	83793.625 ns/op	1491.7603 MB/s
BenchmarkStrcmpLongUnaligned	17640	68023.965 ns/op	1837.5877 MB/s
os: FreeBSD
arch: amd64
cpu: 11th Gen Intel(R) Core(TM) i7-1165G7 @ 2.80GHz

BenchmarkStrcmpShortAligned	8302	121762.71 ns/op	1026.5869 MB/s
BenchmarkStrcmpMidAligned	42493	28155.348 ns/op	4439.6539 MB/s
BenchmarkStrcmpLongAligned	130058	9231.6084 ns/op	13540.436 MB/s
BenchmarkStrcmpShortUnaligned	8132	146329.98 ns/op	854.23369 MB/s
BenchmarkStrcmpMidUnaligned	14305	83863.427 ns/op	1490.5186 MB/s
BenchmarkStrcmpLongUnaligned	17638	68024.228 ns/op	1837.5806 MB/s
os: FreeBSD
arch: amd64
cpu: 11th Gen Intel(R) Core(TM) i7-1165G7 @ 2.80GHz

BenchmarkStrcmpShortAligned	9754	123789.24 ns/op	1009.7808 MB/s
BenchmarkStrcmpMidAligned	41349	29015.148 ns/op	4308.0945 MB/s
BenchmarkStrcmpLongAligned	130063	9230.1575 ns/op	13542.564 MB/s
BenchmarkStrcmpShortUnaligned	8300	145615.41 ns/op	858.42563 MB/s
BenchmarkStrcmpMidUnaligned	14354	83596.482 ns/op	1495.2782 MB/s
BenchmarkStrcmpLongUnaligned	17583	81944.417 ns/op	1525.4242 MB/s
os: FreeBSD
arch: amd64
cpu: 11th Gen Intel(R) Core(TM) i7-1165G7 @ 2.80GHz

BenchmarkStrcmpShortAligned	9712	125795.65 ns/op	993.67507 MB/s
BenchmarkStrcmpMidAligned	36722	28438.274 ns/op	4395.4847 MB/s
BenchmarkStrcmpLongAligned	130063	9229.637 ns/op	13543.328 MB/s
BenchmarkStrcmpShortUnaligned	8032	144505.05 ns/op	865.02166 MB/s
BenchmarkStrcmpMidUnaligned	14320	83693.549 ns/op	1493.544 MB/s
BenchmarkStrcmpLongUnaligned	17583	68025.926 ns/op	1837.5347 MB/s
os: FreeBSD
arch: amd64
cpu: 11th Gen Intel(R) Core(TM) i7-1165G7 @ 2.80GHz

BenchmarkStrcmpShortAligned	9264	120089.06 ns/op	1040.8941 MB/s
BenchmarkStrcmpMidAligned	42697	28155.529 ns/op	4439.6253 MB/s
BenchmarkStrcmpLongAligned	130056	9226.2079 ns/op	13548.361 MB/s
BenchmarkStrcmpShortUnaligned	8236	143978.53 ns/op	868.185 MB/s
BenchmarkStrcmpMidUnaligned	14334	83703.705 ns/op	1493.3628 MB/s
BenchmarkStrcmpLongUnaligned	17638	68023.212 ns/op	1837.608 MB/s
os: FreeBSD
arch: amd64
cpu: 11th Gen Intel(R) Core(TM) i7-1165G7 @ 2.80GHz

BenchmarkStrcmpShortAligned	8922	137803.67 ns/op	907.08757 MB/s
BenchmarkStrcmpMidAligned	42506	28200.413 ns/op	4432.5593 MB/s
BenchmarkStrcmpLongAligned	130062	9228.2075 ns/op	13545.426 MB/s
BenchmarkStrcmpShortUnaligned	8312	144441.58 ns/op	865.40177 MB/s
BenchmarkStrcmpMidUnaligned	14324	83803.56 ns/op	1491.5834 MB/s
BenchmarkStrcmpLongUnaligned	17640	68037.441 ns/op	1837.2237 MB/s
os: FreeBSD
arch: amd64
cpu: 11th Gen Intel(R) Core(TM) i7-1165G7 @ 2.80GHz

BenchmarkStrcmpShortAligned	9462	120891.2 ns/op	1033.9876 MB/s
BenchmarkStrcmpMidAligned	42582	28219.595 ns/op	4429.5462 MB/s
BenchmarkStrcmpLongAligned	130058	9226.4217 ns/op	13548.048 MB/s
BenchmarkStrcmpShortUnaligned	8272	153330.67 ns/op	815.23155 MB/s
BenchmarkStrcmpMidUnaligned	14282	83613.854 ns/op	1494.9676 MB/s
BenchmarkStrcmpLongUnaligned	17637	68028.158 ns/op	1837.4744 MB/s
os: FreeBSD
arch: amd64
cpu: 11th Gen Intel(R) Core(TM) i7-1165G7 @ 2.80GHz

BenchmarkStrcmpShortAligned	9499	120621.1 ns/op	1036.303 MB/s
BenchmarkStrcmpMidAligned	42402	28345.073 ns/op	4409.9375 MB/s
BenchmarkStrcmpLongAligned	130050	9225.9201 ns/op	13548.784 MB/s
BenchmarkStrcmpShortUnaligned	8191	143883.12 ns/op	868.76071 MB/s
BenchmarkStrcmpMidUnaligned	14334	83726.796 ns/op	1492.951 MB/s
BenchmarkStrcmpLongUnaligned	17638	68022.105 ns/op	1837.6379 MB/s
os: FreeBSD
arch: amd64
cpu: 11th Gen Intel(R) Core(TM) i7-1165G7 @ 2.80GHz

BenchmarkStrcmpShortAligned	9420	120640.72 ns/op	1036.1344 MB/s
BenchmarkStrcmpMidAligned	42565	28063.2 ns/op	4454.2319 MB/s
BenchmarkStrcmpLongAligned	130065	9231.9203 ns/op	13539.978 MB/s
BenchmarkStrcmpShortUnaligned	8179	150989.43 ns/op	827.8725 MB/s
BenchmarkStrcmpMidUnaligned	14331	83738.02 ns/op	1492.7508 MB/s
BenchmarkStrcmpLongUnaligned	17640	68050.861 ns/op	1836.8614 MB/s
os: FreeBSD
arch: amd64
cpu: 11th Gen Intel(R) Core(TM) i7-1165G7 @ 2.80GHz

BenchmarkStrcmpShortAligned	9944	123203.63 ns/op	1014.5805 MB/s
BenchmarkStrcmpMidAligned	42601	28179.142 ns/op	4435.9052 MB/s
BenchmarkStrcmpLongAligned	130064	9230.1728 ns/op	13542.542 MB/s
BenchmarkStrcmpShortUnaligned	8241	146960.47 ns/op	850.56884 MB/s
BenchmarkStrcmpMidUnaligned	14299	83929.519 ns/op	1489.3449 MB/s
BenchmarkStrcmpLongUnaligned	17584	68062.645 ns/op	1836.5434 MB/s
os: FreeBSD
arch: amd64
cpu: 11th Gen Intel(R) Core(TM) i7-1165G7 @ 2.80GHz

BenchmarkStrcmpShortAligned	8928	122415.52 ns/op	1021.1123 MB/s
BenchmarkStrcmpMidAligned	42402	28283.534 ns/op	4419.5325 MB/s
BenchmarkStrcmpLongAligned	130065	9226.5871 ns/op	13547.805 MB/s
BenchmarkStrcmpShortUnaligned	8313	152059.54 ns/op	822.04643 MB/s
BenchmarkStrcmpMidUnaligned	14324	83734.879 ns/op	1492.8068 MB/s
BenchmarkStrcmpLongUnaligned	17640	68079.117 ns/op	1836.099 MB/s
os: FreeBSD
arch: amd64
cpu: 11th Gen Intel(R) Core(TM) i7-1165G7 @ 2.80GHz

BenchmarkStrcmpShortAligned	8211	124920.63 ns/op	1000.6353 MB/s
BenchmarkStrcmpMidAligned	40978	29325.737 ns/op	4262.4675 MB/s
BenchmarkStrcmpLongAligned	130058	9225.9085 ns/op	13548.801 MB/s
BenchmarkStrcmpShortUnaligned	7412	176325.69 ns/op	708.91544 MB/s
BenchmarkStrcmpMidUnaligned	12510	83728.513 ns/op	1492.9203 MB/s
BenchmarkStrcmpLongUnaligned	17636	68023.793 ns/op	1837.5923 MB/s
os: FreeBSD
arch: amd64
cpu: 11th Gen Intel(R) Core(TM) i7-1165G7 @ 2.80GHz

BenchmarkStrcmpShortAligned	8598	128103.56 ns/op	975.77302 MB/s
BenchmarkStrcmpMidAligned	42242	28265.907 ns/op	4422.2886 MB/s
BenchmarkStrcmpLongAligned	130063	9226.2005 ns/op	13548.372 MB/s
BenchmarkStrcmpShortUnaligned	8251	144797.98 ns/op	863.27169 MB/s
BenchmarkStrcmpMidUnaligned	14328	101626.99 ns/op	1229.9882 MB/s
BenchmarkStrcmpLongUnaligned	17641	68023.945 ns/op	1837.5882 MB/s
os: FreeBSD
arch: amd64
cpu: 11th Gen Intel(R) Core(TM) i7-1165G7 @ 2.80GHz

BenchmarkStrcmpShortAligned	9681	135186.07 ns/op	924.6515 MB/s
BenchmarkStrcmpMidAligned	42058	29322.703 ns/op	4262.9084 MB/s
BenchmarkStrcmpLongAligned	130058	9226.7577 ns/op	13547.554 MB/s
BenchmarkStrcmpShortUnaligned	8245	147169.08 ns/op	849.36319 MB/s
BenchmarkStrcmpMidUnaligned	14312	84079.31 ns/op	1486.6915 MB/s
BenchmarkStrcmpLongUnaligned	17582	68028.813 ns/op	1837.4567 MB/s
os: FreeBSD
arch: amd64
cpu: 11th Gen Intel(R) Core(TM) i7-1165G7 @ 2.80GHz

BenchmarkStrcmpShortAligned	9955	120869.71 ns/op	1034.1714 MB/s
BenchmarkStrcmpMidAligned	42644	28150.445 ns/op	4440.4271 MB/s
BenchmarkStrcmpLongAligned	130070	9226.0842 ns/op	13548.543 MB/s
BenchmarkStrcmpShortUnaligned	8259	143531.22 ns/op	870.89065 MB/s
BenchmarkStrcmpMidUnaligned	14328	83748.444 ns/op	1492.565 MB/s
BenchmarkStrcmpLongUnaligned	17586	68017.616 ns/op	1837.7592 MB/s
