os: FreeBSD
arch: amd64
cpu: 11th Gen Intel(R) Core(TM) i7-1165G7 @ 2.80GHz

BenchmarkStrcmpShortAligned	26250	45548.794 ns/op	2744.3098 MB/s
BenchmarkStrcmpMidAligned	119448	10060.847 ns/op	12424.401 MB/s
BenchmarkStrcmpLongAligned	263524	4577.4011 ns/op	27308.072 MB/s
BenchmarkStrcmpShortUnaligned	13448	89467.56 ns/op	1397.1545 MB/s
BenchmarkStrcmpMidUnaligned	53064	22597.455 ns/op	5531.5965 MB/s
BenchmarkStrcmpLongUnaligned	228366	5314.4977 ns/op	23520.567 MB/s
os: FreeBSD
arch: amd64
cpu: 11th Gen Intel(R) Core(TM) i7-1165G7 @ 2.80GHz

BenchmarkStrcmpShortAligned	26526	45176.557 ns/op	2766.9218 MB/s
BenchmarkStrcmpMidAligned	119175	10044.395 ns/op	12444.752 MB/s
BenchmarkStrcmpLongAligned	262192	4553.8822 ns/op	27449.107 MB/s
BenchmarkStrcmpShortUnaligned	10000	123596.38 ns/op	1011.3565 MB/s
BenchmarkStrcmpMidUnaligned	53384	22541.157 ns/op	5545.4118 MB/s
BenchmarkStrcmpLongUnaligned	219571	5286.4217 ns/op	23645.484 MB/s
os: FreeBSD
arch: amd64
cpu: 11th Gen Intel(R) Core(TM) i7-1165G7 @ 2.80GHz

BenchmarkStrcmpShortAligned	26396	45234.968 ns/op	2763.3489 MB/s
BenchmarkStrcmpMidAligned	119706	10047.306 ns/op	12441.146 MB/s
BenchmarkStrcmpLongAligned	262242	4553.7547 ns/op	27449.876 MB/s
BenchmarkStrcmpShortUnaligned	13629	88168.102 ns/op	1417.7463 MB/s
BenchmarkStrcmpMidUnaligned	51109	22992.673 ns/op	5436.5145 MB/s
BenchmarkStrcmpLongUnaligned	224514	5307.1893 ns/op	23552.957 MB/s
os: FreeBSD
arch: amd64
cpu: 11th Gen Intel(R) Core(TM) i7-1165G7 @ 2.80GHz

BenchmarkStrcmpShortAligned	26611	45038.231 ns/op	2775.4199 MB/s
BenchmarkStrcmpMidAligned	119372	10073.714 ns/op	12408.532 MB/s
BenchmarkStrcmpLongAligned	262222	4558.3185 ns/op	27422.393 MB/s
BenchmarkStrcmpShortUnaligned	13269	90174.173 ns/op	1386.2062 MB/s
BenchmarkStrcmpMidUnaligned	53310	22451.972 ns/op	5567.4396 MB/s
BenchmarkStrcmpLongUnaligned	224511	5879.9921 ns/op	21258.532 MB/s
os: FreeBSD
arch: amd64
cpu: 11th Gen Intel(R) Core(TM) i7-1165G7 @ 2.80GHz

BenchmarkStrcmpShortAligned	26444	45018.754 ns/op	2776.6206 MB/s
BenchmarkStrcmpMidAligned	119564	10053.076 ns/op	12434.005 MB/s
BenchmarkStrcmpLongAligned	262184	4554.4235 ns/op	27445.845 MB/s
BenchmarkStrcmpShortUnaligned	10000	117752.35 ns/op	1061.5499 MB/s
BenchmarkStrcmpMidUnaligned	53242	22711.563 ns/op	5503.8043 MB/s
BenchmarkStrcmpLongUnaligned	219274	5309.5236 ns/op	23542.602 MB/s
os: FreeBSD
arch: amd64
cpu: 11th Gen Intel(R) Core(TM) i7-1165G7 @ 2.80GHz

BenchmarkStrcmpShortAligned	26437	45512.271 ns/op	2746.512 MB/s
BenchmarkStrcmpMidAligned	119486	10051.105 ns/op	12436.444 MB/s
BenchmarkStrcmpLongAligned	262232	4553.5352 ns/op	27451.199 MB/s
BenchmarkStrcmpShortUnaligned	13438	89112.026 ns/op	1402.7287 MB/s
BenchmarkStrcmpMidUnaligned	53274	22539.628 ns/op	5545.788 MB/s
BenchmarkStrcmpLongUnaligned	224498	5295.3338 ns/op	23605.689 MB/s
os: FreeBSD
arch: amd64
cpu: 11th Gen Intel(R) Core(TM) i7-1165G7 @ 2.80GHz

BenchmarkStrcmpShortAligned	26564	45079.11 ns/op	2772.903 MB/s
BenchmarkStrcmpMidAligned	119221	10037.074 ns/op	12453.829 MB/s
BenchmarkStrcmpLongAligned	262246	4553.8579 ns/op	27449.253 MB/s
BenchmarkStrcmpShortUnaligned	13359	89707.701 ns/op	1393.4144 MB/s
BenchmarkStrcmpMidUnaligned	53362	22627.414 ns/op	5524.2724 MB/s
BenchmarkStrcmpLongUnaligned	228139	5337.0168 ns/op	23421.324 MB/s
os: FreeBSD
arch: amd64
cpu: 11th Gen Intel(R) Core(TM) i7-1165G7 @ 2.80GHz

BenchmarkStrcmpShortAligned	26359	45458.495 ns/op	2749.7611 MB/s
BenchmarkStrcmpMidAligned	118702	10067.132 ns/op	12416.645 MB/s
BenchmarkStrcmpLongAligned	262233	4555.6861 ns/op	27438.238 MB/s
BenchmarkStrcmpShortUnaligned	13344	88377.386 ns/op	1414.389 MB/s
BenchmarkStrcmpMidUnaligned	52966	22802.07 ns/op	5481.9585 MB/s
BenchmarkStrcmpLongUnaligned	224503	7157.6936 ns/op	17463.726 MB/s
os: FreeBSD
arch: amd64
cpu: 11th Gen Intel(R) Core(TM) i7-1165G7 @ 2.80GHz

BenchmarkStrcmpShortAligned	26412	45344.07 ns/op	2756.7 MB/s
BenchmarkStrcmpMidAligned	119646	10393.441 ns/op	12026.815 MB/s
BenchmarkStrcmpLongAligned	262203	4556.3877 ns/op	27434.013 MB/s
BenchmarkStrcmpShortUnaligned	13274	89202.998 ns/op	1401.2982 MB/s
BenchmarkStrcmpMidUnaligned	53120	22644.559 ns/op	5520.0897 MB/s
BenchmarkStrcmpLongUnaligned	228159	5304.5878 ns/op	23564.508 MB/s
os: FreeBSD
arch: amd64
cpu: 11th Gen Intel(R) Core(TM) i7-1165G7 @ 2.80GHz

BenchmarkStrcmpShortAligned	26217	45646.443 ns/op	2738.439 MB/s
BenchmarkStrcmpMidAligned	118483	10029.975 ns/op	12462.643 MB/s
BenchmarkStrcmpLongAligned	262165	4554.404 ns/op	27445.962 MB/s
BenchmarkStrcmpShortUnaligned	13250	88456.872 ns/op	1413.118 MB/s
BenchmarkStrcmpMidUnaligned	53287	22556.772 ns/op	5541.573 MB/s
BenchmarkStrcmpLongUnaligned	228142	5294.7181 ns/op	23608.434 MB/s
os: FreeBSD
arch: amd64
cpu: 11th Gen Intel(R) Core(TM) i7-1165G7 @ 2.80GHz

BenchmarkStrcmpShortAligned	26302	52054.833 ns/op	2401.314 MB/s
BenchmarkStrcmpMidAligned	119374	10031.977 ns/op	12460.156 MB/s
BenchmarkStrcmpLongAligned	262201	4554.3038 ns/op	27446.566 MB/s
BenchmarkStrcmpShortUnaligned	13512	88404.676 ns/op	1413.9524 MB/s
BenchmarkStrcmpMidUnaligned	53821	22378.829 ns/op	5585.6363 MB/s
BenchmarkStrcmpLongUnaligned	224523	5322.263 ns/op	23486.25 MB/s
os: FreeBSD
arch: amd64
cpu: 11th Gen Intel(R) Core(TM) i7-1165G7 @ 2.80GHz

BenchmarkStrcmpShortAligned	26275	45277.954 ns/op	2760.7254 MB/s
BenchmarkStrcmpMidAligned	118268	10076.422 ns/op	12405.197 MB/s
BenchmarkStrcmpLongAligned	262228	4553.8473 ns/op	27449.317 MB/s
BenchmarkStrcmpShortUnaligned	13476	89219.373 ns/op	1401.041 MB/s
BenchmarkStrcmpMidUnaligned	51654	23029.247 ns/op	5427.8804 MB/s
BenchmarkStrcmpLongUnaligned	224456	5323.484 ns/op	23480.863 MB/s
os: FreeBSD
arch: amd64
cpu: 11th Gen Intel(R) Core(TM) i7-1165G7 @ 2.80GHz

BenchmarkStrcmpShortAligned	26450	45084.471 ns/op	2772.5733 MB/s
BenchmarkStrcmpMidAligned	119049	10058.196 ns/op	12427.676 MB/s
BenchmarkStrcmpLongAligned	262284	4557.9445 ns/op	27424.643 MB/s
BenchmarkStrcmpShortUnaligned	13418	89052.16 ns/op	1403.6717 MB/s
BenchmarkStrcmpMidUnaligned	53535	22546.941 ns/op	5543.9892 MB/s
BenchmarkStrcmpLongUnaligned	224488	5288.1924 ns/op	23637.567 MB/s
os: FreeBSD
arch: amd64
cpu: 11th Gen Intel(R) Core(TM) i7-1165G7 @ 2.80GHz

BenchmarkStrcmpShortAligned	26533	44883.542 ns/op	2784.9852 MB/s
BenchmarkStrcmpMidAligned	119026	10049.812 ns/op	12438.043 MB/s
BenchmarkStrcmpLongAligned	262282	4553.8614 ns/op	27449.232 MB/s
BenchmarkStrcmpShortUnaligned	13264	89577.423 ns/op	1395.4409 MB/s
BenchmarkStrcmpMidUnaligned	53286	22549.465 ns/op	5543.3689 MB/s
BenchmarkStrcmpLongUnaligned	224508	5335.218 ns/op	23429.221 MB/s
os: FreeBSD
arch: amd64
cpu: 11th Gen Intel(R) Core(TM) i7-1165G7 @ 2.80GHz

BenchmarkStrcmpShortAligned	26563	45158.755 ns/op	2768.0125 MB/s
BenchmarkStrcmpMidAligned	119673	10064.822 ns/op	12419.494 MB/s
BenchmarkStrcmpLongAligned	262286	4553.5614 ns/op	27451.041 MB/s
BenchmarkStrcmpShortUnaligned	13328	89702.472 ns/op	1393.4956 MB/s
BenchmarkStrcmpMidUnaligned	53252	22633.183 ns/op	5522.8644 MB/s
BenchmarkStrcmpLongUnaligned	228134	5291.2396 ns/op	23623.954 MB/s
os: FreeBSD
arch: amd64
cpu: 11th Gen Intel(R) Core(TM) i7-1165G7 @ 2.80GHz

BenchmarkStrcmpShortAligned	26440	45483.806 ns/op	2748.2309 MB/s
BenchmarkStrcmpMidAligned	119373	10027.795 ns/op	12465.353 MB/s
BenchmarkStrcmpLongAligned	262209	4554.1097 ns/op	27447.736 MB/s
BenchmarkStrcmpShortUnaligned	13364	89003.278 ns/op	1404.4427 MB/s
BenchmarkStrcmpMidUnaligned	45777	24590.204 ns/op	5083.3251 MB/s
BenchmarkStrcmpLongUnaligned	228134	5295.6388 ns/op	23604.329 MB/s
os: FreeBSD
arch: amd64
cpu: 11th Gen Intel(R) Core(TM) i7-1165G7 @ 2.80GHz

BenchmarkStrcmpShortAligned	26553	45048.66 ns/op	2774.7773 MB/s
BenchmarkStrcmpMidAligned	119148	10074.68 ns/op	12407.342 MB/s
BenchmarkStrcmpLongAligned	262214	4554.0795 ns/op	27447.918 MB/s
BenchmarkStrcmpShortUnaligned	13488	88652.247 ns/op	1410.0037 MB/s
BenchmarkStrcmpMidUnaligned	53158	31145.569 ns/op	4013.412 MB/s
BenchmarkStrcmpLongUnaligned	203473	5300.1928 ns/op	23584.048 MB/s
os: FreeBSD
arch: amd64
cpu: 11th Gen Intel(R) Core(TM) i7-1165G7 @ 2.80GHz

BenchmarkStrcmpShortAligned	26691	44651.693 ns/op	2799.4459 MB/s
BenchmarkStrcmpMidAligned	119220	10069.629 ns/op	12413.566 MB/s
BenchmarkStrcmpLongAligned	262232	4555.3168 ns/op	27440.463 MB/s
BenchmarkStrcmpShortUnaligned	13470	88842.017 ns/op	1406.9919 MB/s
BenchmarkStrcmpMidUnaligned	52844	22543.635 ns/op	5544.8023 MB/s
BenchmarkStrcmpLongUnaligned	224541	7725.5363 ns/op	16180.107 MB/s
os: FreeBSD
arch: amd64
cpu: 11th Gen Intel(R) Core(TM) i7-1165G7 @ 2.80GHz

BenchmarkStrcmpShortAligned	26503	45531.648 ns/op	2745.3432 MB/s
BenchmarkStrcmpMidAligned	119190	10037.476 ns/op	12453.33 MB/s
BenchmarkStrcmpLongAligned	262308	5261.8787 ns/op	23755.774 MB/s
BenchmarkStrcmpShortUnaligned	13506	88574.193 ns/op	1411.2463 MB/s
BenchmarkStrcmpMidUnaligned	52219	22672.385 ns/op	5513.3149 MB/s
BenchmarkStrcmpLongUnaligned	224503	5324.6334 ns/op	23475.795 MB/s
os: FreeBSD
arch: amd64
cpu: 11th Gen Intel(R) Core(TM) i7-1165G7 @ 2.80GHz

BenchmarkStrcmpShortAligned	26461	45162.923 ns/op	2767.7571 MB/s
BenchmarkStrcmpMidAligned	119110	10074.037 ns/op	12408.134 MB/s
BenchmarkStrcmpLongAligned	262198	4554.1718 ns/op	27447.362 MB/s
BenchmarkStrcmpShortUnaligned	13285	89212.464 ns/op	1401.1495 MB/s
BenchmarkStrcmpMidUnaligned	53358	22675.724 ns/op	5512.5032 MB/s
BenchmarkStrcmpLongUnaligned	224479	5301.0701 ns/op	23580.145 MB/s
