os: FreeBSD
arch: amd64
cpu: 11th Gen Intel(R) Core(TM) i7-1165G7 @ 2.80GHz

BenchmarkTsBcmpShort 21051 56495.327 ns/op 2212.5724 MB/s
BenchmarkTsBcmpMid 142452 8381.442 ns/op 14913.902 MB/s
BenchmarkTsBcmpLong 243946 5094.9423 ns/op 24534.135 MB/s
BenchmarkTsBcmpShort 19508 57123.824 ns/op 2188.2289 MB/s
BenchmarkTsBcmpMid 141777 8438.3019 ns/op 14813.407 MB/s
BenchmarkTsBcmpLong 243816 4904.5469 ns/op 25486.554 MB/s
BenchmarkTsBcmpShort 20023 56571.071 ns/op 2209.6099 MB/s
BenchmarkTsBcmpMid 142854 8431.5817 ns/op 14825.214 MB/s
BenchmarkTsBcmpLong 243723 5096.9485 ns/op 24524.478 MB/s
BenchmarkTsBcmpShort 21000 56546.139 ns/op 2210.5842 MB/s
BenchmarkTsBcmpMid 139920 8444.054 ns/op 14803.316 MB/s
BenchmarkTsBcmpLong 244089 5095.1861 ns/op 24532.96 MB/s
BenchmarkTsBcmpShort 20900 56774.346 ns/op 2201.6986 MB/s
BenchmarkTsBcmpMid 142054 8422.2322 ns/op 14841.671 MB/s
BenchmarkTsBcmpLong 244119 5095.7675 ns/op 24530.162 MB/s
BenchmarkTsBcmpShort 20988 57151.026 ns/op 2187.1873 MB/s
BenchmarkTsBcmpMid 142416 8428.6281 ns/op 14830.409 MB/s
BenchmarkTsBcmpLong 244026 5095.965 ns/op 24529.211 MB/s
BenchmarkTsBcmpShort 20620 56473.794 ns/op 2213.416 MB/s
BenchmarkTsBcmpMid 142244 8407.6034 ns/op 14867.495 MB/s
BenchmarkTsBcmpLong 243962 5095.0253 ns/op 24533.735 MB/s
BenchmarkTsBcmpShort 20133 55984.653 ns/op 2232.7548 MB/s
BenchmarkTsBcmpMid 142525 8452.7019 ns/op 14788.171 MB/s
BenchmarkTsBcmpLong 243948 5096.0903 ns/op 24528.608 MB/s
BenchmarkTsBcmpShort 20434 56896.251 ns/op 2196.9813 MB/s
BenchmarkTsBcmpMid 142789 8407.0299 ns/op 14868.509 MB/s
BenchmarkTsBcmpLong 244034 5095.4771 ns/op 24531.56 MB/s
BenchmarkTsBcmpShort 19903 56878.232 ns/op 2197.6773 MB/s
BenchmarkTsBcmpMid 142329 8407.9248 ns/op 14866.927 MB/s
BenchmarkTsBcmpLong 243976 5097.0043 ns/op 24524.209 MB/s
BenchmarkTsBcmpShort 21321 56548.614 ns/op 2210.4874 MB/s
BenchmarkTsBcmpMid 142527 8396.9822 ns/op 14886.3 MB/s
BenchmarkTsBcmpLong 244066 5095.4807 ns/op 24531.542 MB/s
BenchmarkTsBcmpShort 20876 57834.697 ns/op 2161.3323 MB/s
BenchmarkTsBcmpMid 142772 8415.2882 ns/op 14853.918 MB/s
BenchmarkTsBcmpLong 243807 5095.8233 ns/op 24529.893 MB/s
BenchmarkTsBcmpShort 20630 56622.685 ns/op 2207.5958 MB/s
BenchmarkTsBcmpMid 142833 8381.5965 ns/op 14913.626 MB/s
BenchmarkTsBcmpLong 244003 5096.0923 ns/op 24528.598 MB/s
BenchmarkTsBcmpShort 20385 56506.168 ns/op 2212.1479 MB/s
BenchmarkTsBcmpMid 142594 8393.2358 ns/op 14892.945 MB/s
BenchmarkTsBcmpLong 243760 5096.728 ns/op 24525.539 MB/s
BenchmarkTsBcmpShort 20556 57020.821 ns/op 2192.1817 MB/s
BenchmarkTsBcmpMid 140608 8598.5741 ns/op 14537.294 MB/s
BenchmarkTsBcmpLong 243945 5412.8382 ns/op 23093.245 MB/s
BenchmarkTsBcmpShort 21048 56970.203 ns/op 2194.1294 MB/s
BenchmarkTsBcmpMid 142428 8378.5911 ns/op 14918.976 MB/s
BenchmarkTsBcmpLong 243999 5097.0629 ns/op 24523.927 MB/s
BenchmarkTsBcmpShort 20989 57748.053 ns/op 2164.5751 MB/s
BenchmarkTsBcmpMid 142376 8423.6149 ns/op 14839.235 MB/s
BenchmarkTsBcmpLong 243950 5095.8595 ns/op 24529.718 MB/s
BenchmarkTsBcmpShort 21000 57134.883 ns/op 2187.8053 MB/s
BenchmarkTsBcmpMid 142357 8432.1696 ns/op 14824.18 MB/s
BenchmarkTsBcmpLong 244180 5095.2453 ns/op 24532.676 MB/s
BenchmarkTsBcmpShort 21036 56074.466 ns/op 2229.1786 MB/s
BenchmarkTsBcmpMid 142600 8377.6514 ns/op 14920.649 MB/s
BenchmarkTsBcmpLong 243880 5093.8888 ns/op 24539.209 MB/s
BenchmarkTsBcmpShort 20842 56358.98 ns/op 2217.9252 MB/s
BenchmarkTsBcmpMid 142772 8394.0042 ns/op 14891.582 MB/s
BenchmarkTsBcmpLong 244359 5095.146 ns/op 24533.154 MB/s
