os: FreeBSD
arch: amd64
cpu: 11th Gen Intel(R) Core(TM) i7-1165G7 @ 2.80GHz

BenchmarkTsBcmpShort 32732 36630.916 ns/op 3412.418 MB/s
BenchmarkTsBcmpMid 169586 7038.4324 ns/op 17759.636 MB/s
BenchmarkTsBcmpLong 350365 3479.1353 ns/op 35928.467 MB/s
BenchmarkTsBcmpShort 32566 36870.454 ns/op 3390.2485 MB/s
BenchmarkTsBcmpMid 169650 7064.4356 ns/op 17694.266 MB/s
BenchmarkTsBcmpLong 350319 3482.9671 ns/op 35888.94 MB/s
BenchmarkTsBcmpShort 32678 36691.787 ns/op 3406.757 MB/s
BenchmarkTsBcmpMid 169310 7020.7093 ns/op 17804.469 MB/s
BenchmarkTsBcmpLong 350348 3479.7203 ns/op 35922.428 MB/s
BenchmarkTsBcmpShort 32754 36643.034 ns/op 3411.2896 MB/s
BenchmarkTsBcmpMid 169930 7060.0691 ns/op 17705.209 MB/s
BenchmarkTsBcmpLong 350293 3485.901 ns/op 35858.735 MB/s
BenchmarkTsBcmpShort 32815 36420.763 ns/op 3432.1082 MB/s
BenchmarkTsBcmpMid 170262 7040.8528 ns/op 17753.531 MB/s
BenchmarkTsBcmpLong 350313 3481.1819 ns/op 35907.345 MB/s
BenchmarkTsBcmpShort 32601 36792.14 ns/op 3397.4648 MB/s
BenchmarkTsBcmpMid 170712 7016.4061 ns/op 17815.389 MB/s
BenchmarkTsBcmpLong 350343 3479.891 ns/op 35920.665 MB/s
BenchmarkTsBcmpShort 33154 35776.26 ns/op 3493.937 MB/s
BenchmarkTsBcmpMid 169650 7020.8332 ns/op 17804.155 MB/s
BenchmarkTsBcmpLong 350350 3482.6092 ns/op 35892.629 MB/s
BenchmarkTsBcmpShort 32607 36937.83 ns/op 3384.0645 MB/s
BenchmarkTsBcmpMid 170236 7043.6739 ns/op 17746.421 MB/s
BenchmarkTsBcmpLong 350331 3481.487 ns/op 35904.199 MB/s
BenchmarkTsBcmpShort 32382 36580.585 ns/op 3417.1132 MB/s
BenchmarkTsBcmpMid 170475 7023.4799 ns/op 17797.445 MB/s
BenchmarkTsBcmpLong 350343 3480.2382 ns/op 35917.082 MB/s
BenchmarkTsBcmpShort 32676 36663.085 ns/op 3409.4239 MB/s
BenchmarkTsBcmpMid 170107 7012.4264 ns/op 17825.499 MB/s
BenchmarkTsBcmpLong 350298 3481.1731 ns/op 35907.436 MB/s
BenchmarkTsBcmpShort 32758 36313.727 ns/op 3442.2245 MB/s
BenchmarkTsBcmpMid 170970 7011.2953 ns/op 17828.375 MB/s
BenchmarkTsBcmpLong 350328 3482.2512 ns/op 35896.319 MB/s
BenchmarkTsBcmpShort 32756 36605.003 ns/op 3414.8337 MB/s
BenchmarkTsBcmpMid 169760 7046.8907 ns/op 17738.32 MB/s
BenchmarkTsBcmpLong 350343 3480.3513 ns/op 35915.914 MB/s
BenchmarkTsBcmpShort 33138 36689.491 ns/op 3406.9702 MB/s
BenchmarkTsBcmpMid 170944 7027.3543 ns/op 17787.633 MB/s
BenchmarkTsBcmpLong 350299 3482.1262 ns/op 35897.607 MB/s
BenchmarkTsBcmpShort 32589 36816.21 ns/op 3395.2436 MB/s
BenchmarkTsBcmpMid 169843 7025.6774 ns/op 17791.879 MB/s
BenchmarkTsBcmpLong 350322 3480.8216 ns/op 35911.062 MB/s
BenchmarkTsBcmpShort 32682 36647.685 ns/op 3410.8567 MB/s
BenchmarkTsBcmpMid 170584 7020.0064 ns/op 17806.252 MB/s
BenchmarkTsBcmpLong 350313 3482.5089 ns/op 35893.663 MB/s
BenchmarkTsBcmpShort 32810 36781.499 ns/op 3398.4477 MB/s
BenchmarkTsBcmpMid 169706 7074.7391 ns/op 17668.496 MB/s
BenchmarkTsBcmpLong 350338 3479.9255 ns/op 35920.309 MB/s
BenchmarkTsBcmpShort 32709 36151.071 ns/op 3457.7122 MB/s
BenchmarkTsBcmpMid 171123 7017.5127 ns/op 17812.579 MB/s
BenchmarkTsBcmpLong 350353 3480.1053 ns/op 35918.453 MB/s
BenchmarkTsBcmpShort 32661 36273.704 ns/op 3446.0225 MB/s
BenchmarkTsBcmpMid 170546 7036.1463 ns/op 17765.407 MB/s
BenchmarkTsBcmpLong 350325 3478.9341 ns/op 35930.546 MB/s
BenchmarkTsBcmpShort 32725 36749.235 ns/op 3401.4313 MB/s
BenchmarkTsBcmpMid 170276 7038.5716 ns/op 17759.285 MB/s
BenchmarkTsBcmpLong 350348 3479.4164 ns/op 35925.565 MB/s
BenchmarkTsBcmpShort 32538 36648.552 ns/op 3410.776 MB/s
BenchmarkTsBcmpMid 170547 7028.4686 ns/op 17784.813 MB/s
BenchmarkTsBcmpLong 350354 3481.1261 ns/op 35907.92 MB/s
