os: FreeBSD
arch: amd64
cpu: 11th Gen Intel(R) Core(TM) i7-1165G7 @ 2.80GHz

BenchmarkTsBcmpShort 10000 100184.58 ns/op 1247.697 MB/s
BenchmarkTsBcmpMid 41445 28979.188 ns/op 4313.4405 MB/s
BenchmarkTsBcmpLong 85878 13972.874 ns/op 8945.9049 MB/s
BenchmarkTsBcmpShort 10000 102265.63 ns/op 1222.3071 MB/s
BenchmarkTsBcmpMid 41438 28932.945 ns/op 4320.3345 MB/s
BenchmarkTsBcmpLong 85878 13973.508 ns/op 8945.499 MB/s
BenchmarkTsBcmpShort 10000 102309.46 ns/op 1221.7834 MB/s
BenchmarkTsBcmpMid 41235 29102.422 ns/op 4295.1751 MB/s
BenchmarkTsBcmpLong 85857 13975.926 ns/op 8943.9514 MB/s
BenchmarkTsBcmpShort 10000 100765.89 ns/op 1240.4991 MB/s
BenchmarkTsBcmpMid 41554 29382.277 ns/op 4254.2652 MB/s
BenchmarkTsBcmpLong 75663 13973.756 ns/op 8945.3398 MB/s
BenchmarkTsBcmpShort 10000 101504.81 ns/op 1231.4688 MB/s
BenchmarkTsBcmpMid 41167 29087.904 ns/op 4297.319 MB/s
BenchmarkTsBcmpLong 85711 13986.118 ns/op 8937.4337 MB/s
BenchmarkTsBcmpShort 10000 102193.87 ns/op 1223.1653 MB/s
BenchmarkTsBcmpMid 41518 28919.486 ns/op 4322.3452 MB/s
BenchmarkTsBcmpLong 85878 13975.26 ns/op 8944.3775 MB/s
BenchmarkTsBcmpShort 10000 100798 ns/op 1240.104 MB/s
BenchmarkTsBcmpMid 41509 28923.545 ns/op 4321.7386 MB/s
BenchmarkTsBcmpLong 85873 13973.611 ns/op 8945.4329 MB/s
BenchmarkTsBcmpShort 10000 104391.55 ns/op 1197.4149 MB/s
BenchmarkTsBcmpMid 41324 29025.4 ns/op 4306.5728 MB/s
BenchmarkTsBcmpLong 85856 13976.45 ns/op 8943.616 MB/s
BenchmarkTsBcmpShort 10000 101229.65 ns/op 1234.816 MB/s
BenchmarkTsBcmpMid 41264 29108.822 ns/op 4294.2309 MB/s
BenchmarkTsBcmpLong 85873 13974.153 ns/op 8945.0861 MB/s
BenchmarkTsBcmpShort 12009 101593.74 ns/op 1230.3908 MB/s
BenchmarkTsBcmpMid 40987 29257.003 ns/op 4272.4813 MB/s
BenchmarkTsBcmpLong 85874 13980.383 ns/op 8941.1 MB/s
BenchmarkTsBcmpShort 10000 103183.36 ns/op 1211.4357 MB/s
BenchmarkTsBcmpMid 40989 29245.378 ns/op 4274.1797 MB/s
BenchmarkTsBcmpLong 85878 13973.145 ns/op 8945.7311 MB/s
BenchmarkTsBcmpShort 10000 101900.29 ns/op 1226.6894 MB/s
BenchmarkTsBcmpMid 41415 28942.276 ns/op 4318.9416 MB/s
BenchmarkTsBcmpLong 85876 13973.804 ns/op 8945.3094 MB/s
BenchmarkTsBcmpShort 10000 100536.68 ns/op 1243.3273 MB/s
BenchmarkTsBcmpMid 41526 28927.787 ns/op 4321.1049 MB/s
BenchmarkTsBcmpLong 85875 13975.296 ns/op 8944.3544 MB/s
BenchmarkTsBcmpShort 10000 101680.48 ns/op 1229.3411 MB/s
BenchmarkTsBcmpMid 41199 29124.351 ns/op 4291.9411 MB/s
BenchmarkTsBcmpLong 85863 13977.347 ns/op 8943.0418 MB/s
BenchmarkTsBcmpShort 10000 102261.22 ns/op 1222.3597 MB/s
BenchmarkTsBcmpMid 41210 29117.091 ns/op 4293.0113 MB/s
BenchmarkTsBcmpLong 85876 13973.589 ns/op 8945.4469 MB/s
BenchmarkTsBcmpShort 10000 101300.28 ns/op 1233.9551 MB/s
BenchmarkTsBcmpMid 41023 29266.848 ns/op 4271.0441 MB/s
BenchmarkTsBcmpLong 85872 13973.611 ns/op 8945.4332 MB/s
BenchmarkTsBcmpShort 10000 107346.98 ns/op 1164.4483 MB/s
BenchmarkTsBcmpMid 41473 28974.594 ns/op 4314.1243 MB/s
BenchmarkTsBcmpLong 85870 13974.054 ns/op 8945.1492 MB/s
BenchmarkTsBcmpShort 10000 103070.18 ns/op 1212.7659 MB/s
BenchmarkTsBcmpMid 39052 29112.762 ns/op 4293.6496 MB/s
BenchmarkTsBcmpLong 85876 13973.13 ns/op 8945.7412 MB/s
BenchmarkTsBcmpShort 12002 100026.77 ns/op 1249.6655 MB/s
BenchmarkTsBcmpMid 41226 29140.839 ns/op 4289.5128 MB/s
BenchmarkTsBcmpLong 85879 13985.66 ns/op 8937.7265 MB/s
BenchmarkTsBcmpShort 10000 101612.3 ns/op 1230.1661 MB/s
BenchmarkTsBcmpMid 41125 29191.589 ns/op 4282.0554 MB/s
BenchmarkTsBcmpLong 85875 13975.203 ns/op 8944.414 MB/s
