os: FreeBSD
arch: amd64
cpu: 11th Gen Intel(R) Core(TM) i7-1165G7 @ 2.80GHz

BenchmarkTsMemcmpShort 6247 190723.26 ns/op 655.39986 MB/s
BenchmarkTsMemcmpMid 8196 146377.69 ns/op 853.95526 MB/s
BenchmarkTsMemcmpLong 9184 130665.87 ns/op 956.6385 MB/s
BenchmarkTsMemcmpShort 6258 188922.19 ns/op 661.64805 MB/s
BenchmarkTsMemcmpMid 8162 146458.62 ns/op 853.48341 MB/s
BenchmarkTsMemcmpLong 9184 130635.36 ns/op 956.86189 MB/s
BenchmarkTsMemcmpShort 6253 189709.77 ns/op 658.90123 MB/s
BenchmarkTsMemcmpMid 8155 146502.55 ns/op 853.22746 MB/s
BenchmarkTsMemcmpLong 9187 130633.65 ns/op 956.87443 MB/s
BenchmarkTsMemcmpShort 6253 189253.09 ns/op 660.49121 MB/s
BenchmarkTsMemcmpMid 8150 146507.8 ns/op 853.19687 MB/s
BenchmarkTsMemcmpLong 9187 130628.09 ns/op 956.91513 MB/s
BenchmarkTsMemcmpShort 6253 188686.08 ns/op 662.476 MB/s
BenchmarkTsMemcmpMid 8154 146472.68 ns/op 853.40149 MB/s
BenchmarkTsMemcmpLong 9182 130665.35 ns/op 956.64226 MB/s
BenchmarkTsMemcmpShort 6256 188817.44 ns/op 662.01513 MB/s
BenchmarkTsMemcmpMid 8149 146503.1 ns/op 853.22425 MB/s
BenchmarkTsMemcmpLong 9184 130631.37 ns/op 956.89111 MB/s
BenchmarkTsMemcmpShort 6234 189102.54 ns/op 661.01702 MB/s
BenchmarkTsMemcmpMid 8121 147040.94 ns/op 850.10338 MB/s
BenchmarkTsMemcmpLong 9182 130627.95 ns/op 956.91616 MB/s
BenchmarkTsMemcmpShort 6217 189200.75 ns/op 660.67392 MB/s
BenchmarkTsMemcmpMid 8146 146492.79 ns/op 853.28432 MB/s
BenchmarkTsMemcmpLong 9187 130639.93 ns/op 956.8284 MB/s
BenchmarkTsMemcmpShort 6223 189163.38 ns/op 660.80443 MB/s
BenchmarkTsMemcmpMid 8151 146436.94 ns/op 853.60974 MB/s
BenchmarkTsMemcmpLong 9186 130633 ns/op 956.8792 MB/s
BenchmarkTsMemcmpShort 6247 190022.93 ns/op 657.81536 MB/s
BenchmarkTsMemcmpMid 8157 146425.77 ns/op 853.67487 MB/s
BenchmarkTsMemcmpLong 9184 130633.39 ns/op 956.87634 MB/s
BenchmarkTsMemcmpShort 6223 203013.58 ns/op 615.72237 MB/s
BenchmarkTsMemcmpMid 8156 146289.95 ns/op 854.46747 MB/s
BenchmarkTsMemcmpLong 9187 130669.76 ns/op 956.61003 MB/s
BenchmarkTsMemcmpShort 6358 188737.86 ns/op 662.29425 MB/s
BenchmarkTsMemcmpMid 8142 146402.96 ns/op 853.80785 MB/s
BenchmarkTsMemcmpLong 9188 130627.37 ns/op 956.92042 MB/s
BenchmarkTsMemcmpShort 6258 189487.29 ns/op 659.67486 MB/s
BenchmarkTsMemcmpMid 8158 146600.52 ns/op 852.65729 MB/s
BenchmarkTsMemcmpLong 9183 130745.06 ns/op 956.05904 MB/s
BenchmarkTsMemcmpShort 6267 189122.68 ns/op 660.94666 MB/s
BenchmarkTsMemcmpMid 8137 160350.63 ns/op 779.5417 MB/s
BenchmarkTsMemcmpLong 9184 130644.02 ns/op 956.79846 MB/s
BenchmarkTsMemcmpShort 6248 188647.56 ns/op 662.61127 MB/s
BenchmarkTsMemcmpMid 8137 146706.29 ns/op 852.04252 MB/s
BenchmarkTsMemcmpLong 9187 130647.86 ns/op 956.77037 MB/s
BenchmarkTsMemcmpShort 6238 189427.63 ns/op 659.88261 MB/s
BenchmarkTsMemcmpMid 8155 146400.2 ns/op 853.82397 MB/s
BenchmarkTsMemcmpLong 9181 136125.06 ns/op 918.27322 MB/s
BenchmarkTsMemcmpShort 6225 188669.67 ns/op 662.53362 MB/s
BenchmarkTsMemcmpMid 8140 146421.22 ns/op 853.70138 MB/s
BenchmarkTsMemcmpLong 9184 130632.23 ns/op 956.88485 MB/s
BenchmarkTsMemcmpShort 6232 188825.94 ns/op 661.98531 MB/s
BenchmarkTsMemcmpMid 8160 146353.09 ns/op 854.09882 MB/s
BenchmarkTsMemcmpLong 9183 130650.16 ns/op 956.75355 MB/s
BenchmarkTsMemcmpShort 6259 189012.06 ns/op 661.33346 MB/s
BenchmarkTsMemcmpMid 8143 146566.8 ns/op 852.85345 MB/s
BenchmarkTsMemcmpLong 9188 130646.32 ns/op 956.78163 MB/s
BenchmarkTsMemcmpShort 6248 188662.69 ns/op 662.55815 MB/s
BenchmarkTsMemcmpMid 8154 146370.95 ns/op 853.99457 MB/s
BenchmarkTsMemcmpLong 9186 130934.04 ns/op 954.67916 MB/s
