os: FreeBSD
arch: amd64
cpu: 11th Gen Intel(R) Core(TM) i7-1165G7 @ 2.80GHz

BenchmarkTsMemcmpShort 21472 55772.269 ns/op 2241.2572 MB/s
BenchmarkTsMemcmpMid 117102 10134.524 ns/op 12334.078 MB/s
BenchmarkTsMemcmpLong 181354 6604.8583 ns/op 18925.463 MB/s
BenchmarkTsMemcmpShort 19039 59228.562 ns/op 2110.4682 MB/s
BenchmarkTsMemcmpMid 115298 10384.279 ns/op 12037.427 MB/s
BenchmarkTsMemcmpLong 181264 6607.4945 ns/op 18917.912 MB/s
BenchmarkTsMemcmpShort 21477 55969.561 ns/op 2233.3568 MB/s
BenchmarkTsMemcmpMid 117986 10135.952 ns/op 12332.339 MB/s
BenchmarkTsMemcmpLong 181708 6607.5245 ns/op 18917.826 MB/s
BenchmarkTsMemcmpShort 20833 55980.026 ns/op 2232.9393 MB/s
BenchmarkTsMemcmpMid 118005 10127.175 ns/op 12343.027 MB/s
BenchmarkTsMemcmpLong 181288 6609.9262 ns/op 18910.953 MB/s
BenchmarkTsMemcmpShort 21463 55687.03 ns/op 2244.6878 MB/s
BenchmarkTsMemcmpMid 118368 10138.401 ns/op 12329.361 MB/s
BenchmarkTsMemcmpLong 181704 6609.7391 ns/op 18911.488 MB/s
BenchmarkTsMemcmpShort 21417 55908.462 ns/op 2235.7975 MB/s
BenchmarkTsMemcmpMid 118180 10153.139 ns/op 12311.463 MB/s
BenchmarkTsMemcmpLong 181587 6607.1011 ns/op 18919.038 MB/s
BenchmarkTsMemcmpShort 19976 59399.871 ns/op 2104.3817 MB/s
BenchmarkTsMemcmpMid 117346 10343.011 ns/op 12085.455 MB/s
BenchmarkTsMemcmpLong 181346 6605.562 ns/op 18923.447 MB/s
BenchmarkTsMemcmpShort 21390 55742.088 ns/op 2242.4707 MB/s
BenchmarkTsMemcmpMid 117978 10144.791 ns/op 12321.594 MB/s
BenchmarkTsMemcmpLong 181712 6608.621 ns/op 18914.687 MB/s
BenchmarkTsMemcmpShort 21468 55753.999 ns/op 2241.9916 MB/s
BenchmarkTsMemcmpMid 118063 10130.391 ns/op 12339.109 MB/s
BenchmarkTsMemcmpLong 181576 6606.7848 ns/op 18919.944 MB/s
BenchmarkTsMemcmpShort 21403 55691.304 ns/op 2244.5156 MB/s
BenchmarkTsMemcmpMid 118332 10121.508 ns/op 12349.939 MB/s
BenchmarkTsMemcmpLong 181386 6608.7251 ns/op 18914.389 MB/s
BenchmarkTsMemcmpShort 21462 55709.953 ns/op 2243.7642 MB/s
BenchmarkTsMemcmpMid 118023 10148.978 ns/op 12316.511 MB/s
BenchmarkTsMemcmpLong 181734 6610.387 ns/op 18909.634 MB/s
BenchmarkTsMemcmpShort 21432 55874.832 ns/op 2237.1432 MB/s
BenchmarkTsMemcmpMid 118442 10123.326 ns/op 12347.721 MB/s
BenchmarkTsMemcmpLong 181413 6611.0313 ns/op 18907.791 MB/s
BenchmarkTsMemcmpShort 21506 55613.322 ns/op 2247.6629 MB/s
BenchmarkTsMemcmpMid 118244 10122.438 ns/op 12348.803 MB/s
BenchmarkTsMemcmpLong 181377 6609.1986 ns/op 18913.034 MB/s
BenchmarkTsMemcmpShort 21602 56120.918 ns/op 2227.3335 MB/s
BenchmarkTsMemcmpMid 118300 10126.117 ns/op 12344.318 MB/s
BenchmarkTsMemcmpLong 181603 6611.6927 ns/op 18905.9 MB/s
BenchmarkTsMemcmpShort 21508 55709.158 ns/op 2243.7963 MB/s
BenchmarkTsMemcmpMid 118328 10129.241 ns/op 12340.51 MB/s
BenchmarkTsMemcmpLong 181454 6606.7084 ns/op 18920.163 MB/s
BenchmarkTsMemcmpShort 21310 55970.965 ns/op 2233.3008 MB/s
BenchmarkTsMemcmpMid 117688 10136.664 ns/op 12331.474 MB/s
BenchmarkTsMemcmpLong 181526 6605.5943 ns/op 18923.354 MB/s
BenchmarkTsMemcmpShort 20070 70529.198 ns/op 1772.3156 MB/s
BenchmarkTsMemcmpMid 118315 10126.115 ns/op 12344.32 MB/s
BenchmarkTsMemcmpLong 181382 6611.3725 ns/op 18906.816 MB/s
BenchmarkTsMemcmpShort 21518 55683.023 ns/op 2244.8494 MB/s
BenchmarkTsMemcmpMid 115177 10397.706 ns/op 12021.882 MB/s
BenchmarkTsMemcmpLong 181956 6608.0863 ns/op 18916.218 MB/s
BenchmarkTsMemcmpShort 21490 55828.597 ns/op 2238.9959 MB/s
BenchmarkTsMemcmpMid 118303 10154.385 ns/op 12309.953 MB/s
BenchmarkTsMemcmpLong 181304 6611.8584 ns/op 18905.426 MB/s
BenchmarkTsMemcmpShort 21477 55880.744 ns/op 2236.9065 MB/s
BenchmarkTsMemcmpMid 116600 10121.59 ns/op 12349.838 MB/s
BenchmarkTsMemcmpLong 180967 6607.3977 ns/op 18918.189 MB/s
