os: FreeBSD
arch: amd64
cpu: 11th Gen Intel(R) Core(TM) i7-1165G7 @ 2.80GHz

BenchmarkStrncmpShortAligned	28828	40509.04 ns/op	3085.731 MB/s
BenchmarkStrncmpMidAligned	91525	13132.058 ns/op	9518.6911 MB/s
BenchmarkStrncmpLongAligned	252490	4753.3542 ns/op	26297.22 MB/s
BenchmarkStrncmpShortUnaligned	27746	43119.22 ns/op	2898.9392 MB/s
BenchmarkStrncmpMidUnaligned	90091	13220.811 ns/op	9454.7906 MB/s
BenchmarkStrncmpLongUnaligned	252207	4757.73 ns/op	26273.034 MB/s
BenchmarkStrncmpShortQsort	1075	1126549.5 ns/op	110.95828 MB/s
BenchmarkStrncmpMidQsort	5354	220427 ns/op	567.08117 MB/s
os: FreeBSD
arch: amd64
cpu: 11th Gen Intel(R) Core(TM) i7-1165G7 @ 2.80GHz

BenchmarkStrncmpShortAligned	29533	40087.464 ns/op	3118.1818 MB/s
BenchmarkStrncmpMidAligned	91450	13138.41 ns/op	9514.089 MB/s
BenchmarkStrncmpLongAligned	250762	4758.8344 ns/op	26266.936 MB/s
BenchmarkStrncmpShortUnaligned	27769	42932.04 ns/op	2911.5784 MB/s
BenchmarkStrncmpMidUnaligned	90247	13242.539 ns/op	9439.2777 MB/s
BenchmarkStrncmpLongUnaligned	250647	4758.7191 ns/op	26267.573 MB/s
BenchmarkStrncmpShortQsort	1074	1117227.6 ns/op	111.8841 MB/s
BenchmarkStrncmpMidQsort	5372	220060.08 ns/op	568.02671 MB/s
os: FreeBSD
arch: amd64
cpu: 11th Gen Intel(R) Core(TM) i7-1165G7 @ 2.80GHz

BenchmarkStrncmpShortAligned	29004	39609.825 ns/op	3155.7827 MB/s
BenchmarkStrncmpMidAligned	91508	13127.803 ns/op	9521.776 MB/s
BenchmarkStrncmpLongAligned	252472	4753.3376 ns/op	26297.312 MB/s
BenchmarkStrncmpShortUnaligned	28010	42520.512 ns/op	2939.7577 MB/s
BenchmarkStrncmpMidUnaligned	90567	13213.043 ns/op	9460.3494 MB/s
BenchmarkStrncmpLongUnaligned	252213	4758.1851 ns/op	26270.52 MB/s
BenchmarkStrncmpShortQsort	1074	1118036.6 ns/op	111.80314 MB/s
BenchmarkStrncmpMidQsort	5367	220933.67 ns/op	565.78066 MB/s
os: FreeBSD
arch: amd64
cpu: 11th Gen Intel(R) Core(TM) i7-1165G7 @ 2.80GHz

BenchmarkStrncmpShortAligned	28672	40170.921 ns/op	3111.7036 MB/s
BenchmarkStrncmpMidAligned	91632	13134.23 ns/op	9517.1165 MB/s
BenchmarkStrncmpLongAligned	252482	4754.1449 ns/op	26292.846 MB/s
BenchmarkStrncmpShortUnaligned	27801	42739.419 ns/op	2924.7005 MB/s
BenchmarkStrncmpMidUnaligned	90480	13214.481 ns/op	9459.3195 MB/s
BenchmarkStrncmpLongUnaligned	252208	4757.898 ns/op	26272.106 MB/s
BenchmarkStrncmpShortQsort	1071	1117770.6 ns/op	111.82974 MB/s
BenchmarkStrncmpMidQsort	5367	219770.63 ns/op	568.77481 MB/s
os: FreeBSD
arch: amd64
cpu: 11th Gen Intel(R) Core(TM) i7-1165G7 @ 2.80GHz

BenchmarkStrncmpShortAligned	28936	39717.173 ns/op	3147.2532 MB/s
BenchmarkStrncmpMidAligned	91249	13125.869 ns/op	9523.1786 MB/s
BenchmarkStrncmpLongAligned	252477	4754.8397 ns/op	26289.004 MB/s
BenchmarkStrncmpShortUnaligned	27524	43446.577 ns/op	2877.0966 MB/s
BenchmarkStrncmpMidUnaligned	90478	13233.428 ns/op	9445.7764 MB/s
BenchmarkStrncmpLongUnaligned	252230	4758.1981 ns/op	26270.449 MB/s
BenchmarkStrncmpShortQsort	1074	1119226.7 ns/op	111.68426 MB/s
BenchmarkStrncmpMidQsort	5385	219928.04 ns/op	568.36773 MB/s
os: FreeBSD
arch: amd64
cpu: 11th Gen Intel(R) Core(TM) i7-1165G7 @ 2.80GHz

BenchmarkStrncmpShortAligned	29403	40296.261 ns/op	3102.0248 MB/s
BenchmarkStrncmpMidAligned	91285	13122.967 ns/op	9525.2851 MB/s
BenchmarkStrncmpLongAligned	252508	4753.2114 ns/op	26298.01 MB/s
BenchmarkStrncmpShortUnaligned	27786	42939.558 ns/op	2911.0686 MB/s
BenchmarkStrncmpMidUnaligned	90597	13237.131 ns/op	9443.1341 MB/s
BenchmarkStrncmpLongUnaligned	252182	4758.8539 ns/op	26266.829 MB/s
BenchmarkStrncmpShortQsort	1071	1117866.8 ns/op	111.82012 MB/s
BenchmarkStrncmpMidQsort	5406	219923.78 ns/op	568.37874 MB/s
os: FreeBSD
arch: amd64
cpu: 11th Gen Intel(R) Core(TM) i7-1165G7 @ 2.80GHz

BenchmarkStrncmpShortAligned	29030	40163.396 ns/op	3112.2866 MB/s
BenchmarkStrncmpMidAligned	91554	13133.776 ns/op	9517.4457 MB/s
BenchmarkStrncmpLongAligned	252458	4753.7599 ns/op	26294.976 MB/s
BenchmarkStrncmpShortUnaligned	27639	43099.504 ns/op	2900.2654 MB/s
BenchmarkStrncmpMidUnaligned	90494	13223.493 ns/op	9452.8727 MB/s
BenchmarkStrncmpLongUnaligned	252208	4758.3838 ns/op	26269.423 MB/s
BenchmarkStrncmpShortQsort	1072	1117978.2 ns/op	111.80898 MB/s
BenchmarkStrncmpMidQsort	5372	220766.27 ns/op	566.20969 MB/s
os: FreeBSD
arch: amd64
cpu: 11th Gen Intel(R) Core(TM) i7-1165G7 @ 2.80GHz

BenchmarkStrncmpShortAligned	29036	40478.463 ns/op	3088.0619 MB/s
BenchmarkStrncmpMidAligned	91186	13127.356 ns/op	9522.1004 MB/s
BenchmarkStrncmpLongAligned	252480	4752.9925 ns/op	26299.221 MB/s
BenchmarkStrncmpShortUnaligned	27900	42309.51 ns/op	2954.4185 MB/s
BenchmarkStrncmpMidUnaligned	90148	13226.003 ns/op	9451.079 MB/s
BenchmarkStrncmpLongUnaligned	252206	4758.3899 ns/op	26269.39 MB/s
BenchmarkStrncmpShortQsort	1076	1117540.5 ns/op	111.85277 MB/s
BenchmarkStrncmpMidQsort	5356	220170.91 ns/op	567.74076 MB/s
os: FreeBSD
arch: amd64
cpu: 11th Gen Intel(R) Core(TM) i7-1165G7 @ 2.80GHz

BenchmarkStrncmpShortAligned	28638	40395.274 ns/op	3094.4214 MB/s
BenchmarkStrncmpMidAligned	91083	13121.883 ns/op	9526.0719 MB/s
BenchmarkStrncmpLongAligned	252438	4754.3496 ns/op	26291.714 MB/s
BenchmarkStrncmpShortUnaligned	27261	43467.361 ns/op	2875.7209 MB/s
BenchmarkStrncmpMidUnaligned	90110	13224.037 ns/op	9452.4844 MB/s
BenchmarkStrncmpLongUnaligned	252181	4758.8653 ns/op	26266.766 MB/s
BenchmarkStrncmpShortQsort	1074	1118661.5 ns/op	111.74068 MB/s
BenchmarkStrncmpMidQsort	5396	220084.54 ns/op	567.96357 MB/s
os: FreeBSD
arch: amd64
cpu: 11th Gen Intel(R) Core(TM) i7-1165G7 @ 2.80GHz

BenchmarkStrncmpShortAligned	29038	40350.018 ns/op	3097.892 MB/s
BenchmarkStrncmpMidAligned	90933	13127.598 ns/op	9521.9247 MB/s
BenchmarkStrncmpLongAligned	252447	4753.2709 ns/op	26297.68 MB/s
BenchmarkStrncmpShortUnaligned	27909	42351.817 ns/op	2951.4672 MB/s
BenchmarkStrncmpMidUnaligned	90465	13230.75 ns/op	9447.6884 MB/s
BenchmarkStrncmpLongUnaligned	252192	4758.4212 ns/op	26269.217 MB/s
BenchmarkStrncmpShortQsort	1072	1117694.6 ns/op	111.83735 MB/s
BenchmarkStrncmpMidQsort	5389	219838.88 ns/op	568.59824 MB/s
os: FreeBSD
arch: amd64
cpu: 11th Gen Intel(R) Core(TM) i7-1165G7 @ 2.80GHz

BenchmarkStrncmpShortAligned	28705	40268.966 ns/op	3104.1274 MB/s
BenchmarkStrncmpMidAligned	91416	13125.274 ns/op	9523.611 MB/s
BenchmarkStrncmpLongAligned	252470	4754.4679 ns/op	26291.06 MB/s
BenchmarkStrncmpShortUnaligned	27686	42884.086 ns/op	2914.8342 MB/s
BenchmarkStrncmpMidUnaligned	90266	13228.978 ns/op	9448.9535 MB/s
BenchmarkStrncmpLongUnaligned	252250	4758.9003 ns/op	26266.573 MB/s
BenchmarkStrncmpShortQsort	1056	1138058.7 ns/op	109.83616 MB/s
BenchmarkStrncmpMidQsort	5348	220918.19 ns/op	565.82031 MB/s
os: FreeBSD
arch: amd64
cpu: 11th Gen Intel(R) Core(TM) i7-1165G7 @ 2.80GHz

BenchmarkStrncmpShortAligned	29412	40092.938 ns/op	3117.756 MB/s
BenchmarkStrncmpMidAligned	91321	13130.298 ns/op	9519.9665 MB/s
BenchmarkStrncmpLongAligned	251475	4753.1837 ns/op	26298.163 MB/s
BenchmarkStrncmpShortUnaligned	27808	42698.887 ns/op	2927.4768 MB/s
BenchmarkStrncmpMidUnaligned	90079	13222.232 ns/op	9453.7747 MB/s
BenchmarkStrncmpLongUnaligned	252268	4757.902 ns/op	26272.084 MB/s
BenchmarkStrncmpShortQsort	1072	1116630.1 ns/op	111.94397 MB/s
BenchmarkStrncmpMidQsort	5389	220052.55 ns/op	568.04612 MB/s
os: FreeBSD
arch: amd64
cpu: 11th Gen Intel(R) Core(TM) i7-1165G7 @ 2.80GHz

BenchmarkStrncmpShortAligned	29341	39771.186 ns/op	3142.9789 MB/s
BenchmarkStrncmpMidAligned	91476	13160.192 ns/op	9498.3414 MB/s
BenchmarkStrncmpLongAligned	252448	4753.3161 ns/op	26297.431 MB/s
BenchmarkStrncmpShortUnaligned	27706	43097.949 ns/op	2900.37 MB/s
BenchmarkStrncmpMidUnaligned	90175	13223.773 ns/op	9452.6727 MB/s
BenchmarkStrncmpLongUnaligned	252208	4758.7879 ns/op	26267.193 MB/s
BenchmarkStrncmpShortQsort	1072	1118498.4 ns/op	111.75698 MB/s
BenchmarkStrncmpMidQsort	5392	220087.51 ns/op	567.95591 MB/s
os: FreeBSD
arch: amd64
cpu: 11th Gen Intel(R) Core(TM) i7-1165G7 @ 2.80GHz

BenchmarkStrncmpShortAligned	29144	40826.97 ns/op	3061.7016 MB/s
BenchmarkStrncmpMidAligned	91608	13147.784 ns/op	9507.3054 MB/s
BenchmarkStrncmpLongAligned	252470	4752.9842 ns/op	26299.267 MB/s
BenchmarkStrncmpShortUnaligned	27792	42818.723 ns/op	2919.2837 MB/s
BenchmarkStrncmpMidUnaligned	90570	13221.658 ns/op	9454.185 MB/s
BenchmarkStrncmpLongUnaligned	252218	4758.2925 ns/op	26269.928 MB/s
BenchmarkStrncmpShortQsort	1072	1120734.1 ns/op	111.53404 MB/s
BenchmarkStrncmpMidQsort	5374	220021.61 ns/op	568.12601 MB/s
os: FreeBSD
arch: amd64
cpu: 11th Gen Intel(R) Core(TM) i7-1165G7 @ 2.80GHz

BenchmarkStrncmpShortAligned	29202	40637.412 ns/op	3075.9833 MB/s
BenchmarkStrncmpMidAligned	91500	13127.237 ns/op	9522.1866 MB/s
BenchmarkStrncmpLongAligned	252477	4753.1735 ns/op	26298.22 MB/s
BenchmarkStrncmpShortUnaligned	27950	42698.948 ns/op	2927.4726 MB/s
BenchmarkStrncmpMidUnaligned	90606	13214.053 ns/op	9459.6257 MB/s
BenchmarkStrncmpLongUnaligned	252193	4758.2882 ns/op	26269.952 MB/s
BenchmarkStrncmpShortQsort	1069	1119483.1 ns/op	111.65868 MB/s
BenchmarkStrncmpMidQsort	5396	220301.37 ns/op	567.40456 MB/s
os: FreeBSD
arch: amd64
cpu: 11th Gen Intel(R) Core(TM) i7-1165G7 @ 2.80GHz

BenchmarkStrncmpShortAligned	24572	48783.909 ns/op	2562.3203 MB/s
BenchmarkStrncmpMidAligned	78856	15239.616 ns/op	8202.3065 MB/s
BenchmarkStrncmpLongAligned	252453	4753.3252 ns/op	26297.38 MB/s
BenchmarkStrncmpShortUnaligned	27750	42423.484 ns/op	2946.4813 MB/s
BenchmarkStrncmpMidUnaligned	90590	13219.676 ns/op	9455.6025 MB/s
BenchmarkStrncmpLongUnaligned	252174	4758.8361 ns/op	26266.927 MB/s
BenchmarkStrncmpShortQsort	1074	1117886.1 ns/op	111.81819 MB/s
BenchmarkStrncmpMidQsort	5355	220648.92 ns/op	566.51081 MB/s
os: FreeBSD
arch: amd64
cpu: 11th Gen Intel(R) Core(TM) i7-1165G7 @ 2.80GHz

BenchmarkStrncmpShortAligned	29625	39416.935 ns/op	3171.2258 MB/s
BenchmarkStrncmpMidAligned	91593	13121.726 ns/op	9526.1857 MB/s
BenchmarkStrncmpLongAligned	252476	4754.7686 ns/op	26289.397 MB/s
BenchmarkStrncmpShortUnaligned	27949	42679.725 ns/op	2928.7911 MB/s
BenchmarkStrncmpMidUnaligned	90561	13207.965 ns/op	9463.9861 MB/s
BenchmarkStrncmpLongUnaligned	252201	4758.0517 ns/op	26271.257 MB/s
BenchmarkStrncmpShortQsort	1072	1118443.9 ns/op	111.76242 MB/s
BenchmarkStrncmpMidQsort	5376	219883.3 ns/op	568.48336 MB/s
os: FreeBSD
arch: amd64
cpu: 11th Gen Intel(R) Core(TM) i7-1165G7 @ 2.80GHz

BenchmarkStrncmpShortAligned	28909	40054.056 ns/op	3120.7826 MB/s
BenchmarkStrncmpMidAligned	91402	13125.344 ns/op	9523.5602 MB/s
BenchmarkStrncmpLongAligned	250543	4753.1221 ns/op	26298.504 MB/s
BenchmarkStrncmpShortUnaligned	27770	43153.365 ns/op	2896.6455 MB/s
BenchmarkStrncmpMidUnaligned	90390	13205.865 ns/op	9465.491 MB/s
BenchmarkStrncmpLongUnaligned	252193	4758.5647 ns/op	26268.425 MB/s
BenchmarkStrncmpShortQsort	1074	1118566.3 ns/op	111.7502 MB/s
BenchmarkStrncmpMidQsort	5377	220875.69 ns/op	565.92919 MB/s
os: FreeBSD
arch: amd64
cpu: 11th Gen Intel(R) Core(TM) i7-1165G7 @ 2.80GHz

BenchmarkStrncmpShortAligned	28353	39928.7 ns/op	3130.5803 MB/s
BenchmarkStrncmpMidAligned	91209	13136.908 ns/op	9515.1763 MB/s
BenchmarkStrncmpLongAligned	252460	4752.9269 ns/op	26299.584 MB/s
BenchmarkStrncmpShortUnaligned	27501	43336.105 ns/op	2884.4309 MB/s
BenchmarkStrncmpMidUnaligned	90500	13239.699 ns/op	9441.3026 MB/s
BenchmarkStrncmpLongUnaligned	252204	4758.2659 ns/op	26270.074 MB/s
BenchmarkStrncmpShortQsort	1074	1118020.9 ns/op	111.80471 MB/s
BenchmarkStrncmpMidQsort	5371	220050.87 ns/op	568.05048 MB/s
os: FreeBSD
arch: amd64
cpu: 11th Gen Intel(R) Core(TM) i7-1165G7 @ 2.80GHz

BenchmarkStrncmpShortAligned	28915	40397.73 ns/op	3094.2332 MB/s
BenchmarkStrncmpMidAligned	91106	13133.43 ns/op	9517.6964 MB/s
BenchmarkStrncmpLongAligned	252466	4753.1294 ns/op	26298.463 MB/s
BenchmarkStrncmpShortUnaligned	27705	43051.61 ns/op	2903.4919 MB/s
BenchmarkStrncmpMidUnaligned	90172	13220.07 ns/op	9455.3204 MB/s
BenchmarkStrncmpLongUnaligned	252186	4758.1564 ns/op	26270.679 MB/s
BenchmarkStrncmpShortQsort	1071	1118427.7 ns/op	111.76404 MB/s
BenchmarkStrncmpMidQsort	5367	220269.62 ns/op	567.48634 MB/s
