os: Linux
arch: x86_64

BenchmarkStrncmpShortAligned	22838	52554.692 ns/op	2378.4746 MB/s
BenchmarkStrncmpMidAligned	68971	17353.299 ns/op	7203.2415 MB/s
BenchmarkStrncmpLongAligned	518162	2318.3389 ns/op	53917.915 MB/s
BenchmarkStrncmpShortUnaligned	21747	55229.967 ns/op	2263.2641 MB/s
BenchmarkStrncmpMidUnaligned	44743	26728.568 ns/op	4676.6441 MB/s
BenchmarkStrncmpLongUnaligned	517773	2324.1808 ns/op	53782.391 MB/s
BenchmarkStrncmpShortQsort	950	1259419.9 ns/op	99.252041 MB/s
BenchmarkStrncmpMidQsort	4291	280693.39 ns/op	445.32576 MB/s
os: Linux
arch: x86_64

BenchmarkStrncmpShortAligned	22796	52569.009 ns/op	2377.8268 MB/s
BenchmarkStrncmpMidAligned	69225	17355.175 ns/op	7202.4628 MB/s
BenchmarkStrncmpLongAligned	517744	2320.7976 ns/op	53860.793 MB/s
BenchmarkStrncmpShortUnaligned	21692	55158.816 ns/op	2266.1835 MB/s
BenchmarkStrncmpMidUnaligned	44738	26685.457 ns/op	4684.1993 MB/s
BenchmarkStrncmpLongUnaligned	514465	2326.7787 ns/op	53722.341 MB/s
BenchmarkStrncmpShortQsort	949	1259496.6 ns/op	99.246001 MB/s
BenchmarkStrncmpMidQsort	4250	279216.88 ns/op	447.68067 MB/s
os: Linux
arch: x86_64

BenchmarkStrncmpShortAligned	22803	52577.041 ns/op	2377.4636 MB/s
BenchmarkStrncmpMidAligned	69120	17320.976 ns/op	7216.6836 MB/s
BenchmarkStrncmpLongAligned	513910	2318.6477 ns/op	53910.735 MB/s
BenchmarkStrncmpShortUnaligned	21703	55421.62 ns/op	2255.4375 MB/s
BenchmarkStrncmpMidUnaligned	45128	26526.493 ns/op	4712.27 MB/s
BenchmarkStrncmpLongUnaligned	517134	2325.9734 ns/op	53740.942 MB/s
BenchmarkStrncmpShortQsort	950	1265651.7 ns/op	98.763349 MB/s
BenchmarkStrncmpMidQsort	4299	279133.57 ns/op	447.81428 MB/s
os: Linux
arch: x86_64

BenchmarkStrncmpShortAligned	22790	52547.317 ns/op	2378.8084 MB/s
BenchmarkStrncmpMidAligned	69157	17313.182 ns/op	7219.9323 MB/s
BenchmarkStrncmpLongAligned	518384	2319.719 ns/op	53885.836 MB/s
BenchmarkStrncmpShortUnaligned	21706	55167.606 ns/op	2265.8225 MB/s
BenchmarkStrncmpMidUnaligned	44718	26679.131 ns/op	4685.31 MB/s
BenchmarkStrncmpLongUnaligned	516039	2323.5922 ns/op	53796.015 MB/s
BenchmarkStrncmpShortQsort	957	1252946.3 ns/op	99.764849 MB/s
BenchmarkStrncmpMidQsort	4300	279228.91 ns/op	447.66138 MB/s
os: Linux
arch: x86_64

BenchmarkStrncmpShortAligned	22838	52537.72 ns/op	2379.243 MB/s
BenchmarkStrncmpMidAligned	69084	17309.32 ns/op	7221.543 MB/s
BenchmarkStrncmpLongAligned	517662	2320.23 ns/op	53873.97 MB/s
BenchmarkStrncmpShortUnaligned	21637	55345.089 ns/op	2258.5563 MB/s
BenchmarkStrncmpMidUnaligned	45008	26656.169 ns/op	4689.346 MB/s
BenchmarkStrncmpLongUnaligned	516574	2327.9062 ns/op	53696.323 MB/s
BenchmarkStrncmpShortQsort	957	1259355.1 ns/op	99.257151 MB/s
BenchmarkStrncmpMidQsort	4291	279108.75 ns/op	447.85411 MB/s
os: Linux
arch: x86_64

BenchmarkStrncmpShortAligned	22795	52604.928 ns/op	2376.2032 MB/s
BenchmarkStrncmpMidAligned	68560	17341.219 ns/op	7208.2593 MB/s
BenchmarkStrncmpLongAligned	519608	2314.5352 ns/op	54006.523 MB/s
BenchmarkStrncmpShortUnaligned	21672	55374.69 ns/op	2257.349 MB/s
BenchmarkStrncmpMidUnaligned	45039	26576.521 ns/op	4703.3996 MB/s
BenchmarkStrncmpLongUnaligned	517944	2324.0188 ns/op	53786.139 MB/s
BenchmarkStrncmpShortQsort	951	1259722.8 ns/op	99.228178 MB/s
BenchmarkStrncmpMidQsort	4279	279299.44 ns/op	447.54834 MB/s
os: Linux
arch: x86_64

BenchmarkStrncmpShortAligned	22826	52587.241 ns/op	2377.0024 MB/s
BenchmarkStrncmpMidAligned	69144	17305.944 ns/op	7222.9519 MB/s
BenchmarkStrncmpLongAligned	516062	2321.3112 ns/op	53848.876 MB/s
BenchmarkStrncmpShortUnaligned	21711	55601.144 ns/op	2248.1552 MB/s
BenchmarkStrncmpMidUnaligned	44936	26559.696 ns/op	4706.3792 MB/s
BenchmarkStrncmpLongUnaligned	517707	2328.619 ns/op	53679.886 MB/s
BenchmarkStrncmpShortQsort	952	1260519.5 ns/op	99.165461 MB/s
BenchmarkStrncmpMidQsort	4237	280522.56 ns/op	445.59695 MB/s
os: Linux
arch: x86_64

BenchmarkStrncmpShortAligned	22773	52571.208 ns/op	2377.7274 MB/s
BenchmarkStrncmpMidAligned	68887	17374.937 ns/op	7194.2707 MB/s
BenchmarkStrncmpLongAligned	518899	2319.6714 ns/op	53886.943 MB/s
BenchmarkStrncmpShortUnaligned	21702	55257.527 ns/op	2262.1352 MB/s
BenchmarkStrncmpMidUnaligned	44941	26629.699 ns/op	4694.0072 MB/s
BenchmarkStrncmpLongUnaligned	516620	2323.77 ns/op	53791.898 MB/s
BenchmarkStrncmpShortQsort	954	1262040.7 ns/op	99.045934 MB/s
BenchmarkStrncmpMidQsort	4269	279255.78 ns/op	447.61831 MB/s
os: Linux
arch: x86_64

BenchmarkStrncmpShortAligned	22890	52239.766 ns/op	2392.8132 MB/s
BenchmarkStrncmpMidAligned	70398	16975.136 ns/op	7363.7112 MB/s
BenchmarkStrncmpLongAligned	518983	2319.4044 ns/op	53893.147 MB/s
BenchmarkStrncmpShortUnaligned	21988	54470.936 ns/op	2294.8017 MB/s
BenchmarkStrncmpMidUnaligned	45162	26491.324 ns/op	4718.526 MB/s
BenchmarkStrncmpLongUnaligned	518853	2318.0473 ns/op	53924.697 MB/s
BenchmarkStrncmpShortQsort	954	1269352 ns/op	98.475443 MB/s
BenchmarkStrncmpMidQsort	4258	281607.32 ns/op	443.88051 MB/s
os: Linux
arch: x86_64

BenchmarkStrncmpShortAligned	23076	52108.591 ns/op	2398.8367 MB/s
BenchmarkStrncmpMidAligned	72702	16402.485 ns/op	7620.7967 MB/s
BenchmarkStrncmpLongAligned	516813	2296.4793 ns/op	54431.146 MB/s
BenchmarkStrncmpShortUnaligned	21466	56382.467 ns/op	2217.0013 MB/s
BenchmarkStrncmpMidUnaligned	47358	25346.963 ns/op	4931.5572 MB/s
BenchmarkStrncmpLongUnaligned	511479	2332.3341 ns/op	53594.381 MB/s
BenchmarkStrncmpShortQsort	960	1249380.2 ns/op	100.04961 MB/s
BenchmarkStrncmpMidQsort	4290	278801.6 ns/op	448.34751 MB/s
os: Linux
arch: x86_64

BenchmarkStrncmpShortAligned	22815	55524.464 ns/op	2251.2599 MB/s
BenchmarkStrncmpMidAligned	67556	17708.827 ns/op	7058.6268 MB/s
BenchmarkStrncmpLongAligned	534529	2245.7393 ns/op	55660.956 MB/s
BenchmarkStrncmpShortUnaligned	21835	54946.871 ns/op	2274.9248 MB/s
BenchmarkStrncmpMidUnaligned	45048	26611.017 ns/op	4697.3026 MB/s
BenchmarkStrncmpLongUnaligned	518157	2319.1056 ns/op	53900.089 MB/s
BenchmarkStrncmpShortQsort	948	1266705.2 ns/op	98.68121 MB/s
BenchmarkStrncmpMidQsort	4288	281077.73 ns/op	444.71684 MB/s
os: Linux
arch: x86_64

BenchmarkStrncmpShortAligned	23035	52124.86 ns/op	2398.088 MB/s
BenchmarkStrncmpMidAligned	69566	17175.315 ns/op	7277.8868 MB/s
BenchmarkStrncmpLongAligned	518664	2318.7093 ns/op	53909.301 MB/s
BenchmarkStrncmpShortUnaligned	20556	56195.317 ns/op	2224.3847 MB/s
BenchmarkStrncmpMidUnaligned	47872	24923.789 ns/op	5015.2889 MB/s
BenchmarkStrncmpLongUnaligned	519159	2313.7905 ns/op	54023.906 MB/s
BenchmarkStrncmpShortQsort	949	1257788.8 ns/op	99.380755 MB/s
BenchmarkStrncmpMidQsort	4317	277790.71 ns/op	449.97905 MB/s
os: Linux
arch: x86_64

BenchmarkStrncmpShortAligned	23079	52171.216 ns/op	2395.9572 MB/s
BenchmarkStrncmpMidAligned	69558	17252.145 ns/op	7245.4759 MB/s
BenchmarkStrncmpLongAligned	519176	2312.1134 ns/op	54063.091 MB/s
BenchmarkStrncmpShortUnaligned	21720	55139.676 ns/op	2266.9702 MB/s
BenchmarkStrncmpMidUnaligned	46683	25608.337 ns/op	4881.2228 MB/s
BenchmarkStrncmpLongUnaligned	516610	2315.1891 ns/op	53991.27 MB/s
BenchmarkStrncmpShortQsort	957	1253962.6 ns/op	99.683994 MB/s
BenchmarkStrncmpMidQsort	4250	281345.12 ns/op	444.29418 MB/s
os: Linux
arch: x86_64

BenchmarkStrncmpShortAligned	22875	52788.683 ns/op	2367.9318 MB/s
BenchmarkStrncmpMidAligned	69571	16982.925 ns/op	7360.3339 MB/s
BenchmarkStrncmpLongAligned	517054	2312.0185 ns/op	54065.311 MB/s
BenchmarkStrncmpShortUnaligned	21466	55901.042 ns/op	2236.0943 MB/s
BenchmarkStrncmpMidUnaligned	48615	24597.383 ns/op	5081.8414 MB/s
BenchmarkStrncmpLongUnaligned	513685	2317.194 ns/op	53944.555 MB/s
BenchmarkStrncmpShortQsort	963	1246213.4 ns/op	100.30385 MB/s
BenchmarkStrncmpMidQsort	4311	277393.96 ns/op	450.62264 MB/s
os: Linux
arch: x86_64

BenchmarkStrncmpShortAligned	23080	53529.934 ns/op	2335.1421 MB/s
BenchmarkStrncmpMidAligned	68094	17520.148 ns/op	7134.6431 MB/s
BenchmarkStrncmpLongAligned	519130	2315.1219 ns/op	53992.836 MB/s
BenchmarkStrncmpShortUnaligned	21714	55298.112 ns/op	2260.475 MB/s
BenchmarkStrncmpMidUnaligned	44702	26865.76 ns/op	4652.7625 MB/s
BenchmarkStrncmpLongUnaligned	517753	2319.9786 ns/op	53879.807 MB/s
BenchmarkStrncmpShortQsort	956	1257233.2 ns/op	99.424673 MB/s
BenchmarkStrncmpMidQsort	4299	280768.67 ns/op	445.20637 MB/s
os: Linux
arch: x86_64

BenchmarkStrncmpShortAligned	22803	53921.932 ns/op	2318.1662 MB/s
BenchmarkStrncmpMidAligned	68986	17293.007 ns/op	7228.3554 MB/s
BenchmarkStrncmpLongAligned	518775	2317.1307 ns/op	53946.029 MB/s
BenchmarkStrncmpShortUnaligned	21766	55038.266 ns/op	2271.1471 MB/s
BenchmarkStrncmpMidUnaligned	44995	26501.126 ns/op	4716.7808 MB/s
BenchmarkStrncmpLongUnaligned	518088	2321.3734 ns/op	53847.434 MB/s
BenchmarkStrncmpShortQsort	955	1259751.2 ns/op	99.225941 MB/s
BenchmarkStrncmpMidQsort	4252	280442.23 ns/op	445.7246 MB/s
os: Linux
arch: x86_64

BenchmarkStrncmpShortAligned	22818	52517.249 ns/op	2380.1704 MB/s
BenchmarkStrncmpMidAligned	69238	17288.789 ns/op	7230.1188 MB/s
BenchmarkStrncmpLongAligned	518313	2315.9579 ns/op	53973.347 MB/s
BenchmarkStrncmpShortUnaligned	21741	55253.963 ns/op	2262.2812 MB/s
BenchmarkStrncmpMidUnaligned	44721	26763.314 ns/op	4670.5726 MB/s
BenchmarkStrncmpLongUnaligned	518020	2322.7259 ns/op	53816.08 MB/s
BenchmarkStrncmpShortQsort	960	1257205.3 ns/op	99.426876 MB/s
BenchmarkStrncmpMidQsort	4288	280582.88 ns/op	445.50117 MB/s
os: Linux
arch: x86_64

BenchmarkStrncmpShortAligned	22844	53103.461 ns/op	2353.8956 MB/s
BenchmarkStrncmpMidAligned	68331	17297.049 ns/op	7226.6662 MB/s
BenchmarkStrncmpLongAligned	516866	2318.8217 ns/op	53906.688 MB/s
BenchmarkStrncmpShortUnaligned	21712	55047.303 ns/op	2270.7743 MB/s
BenchmarkStrncmpMidUnaligned	44929	26636.671 ns/op	4692.7786 MB/s
BenchmarkStrncmpLongUnaligned	517346	2324.0606 ns/op	53785.172 MB/s
BenchmarkStrncmpShortQsort	955	1262795.2 ns/op	98.986755 MB/s
BenchmarkStrncmpMidQsort	4275	279378.08 ns/op	447.42236 MB/s
os: Linux
arch: x86_64

BenchmarkStrncmpShortAligned	22786	53008.847 ns/op	2358.0969 MB/s
BenchmarkStrncmpMidAligned	69195	17329.872 ns/op	7212.979 MB/s
BenchmarkStrncmpLongAligned	519062	2318.4535 ns/op	53915.25 MB/s
BenchmarkStrncmpShortUnaligned	21673	55460.851 ns/op	2253.8421 MB/s
BenchmarkStrncmpMidUnaligned	44707	26700.52 ns/op	4681.5568 MB/s
BenchmarkStrncmpLongUnaligned	517137	2320.0549 ns/op	53878.036 MB/s
BenchmarkStrncmpShortQsort	954	1259593.4 ns/op	99.238377 MB/s
BenchmarkStrncmpMidQsort	4282	279091.95 ns/op	447.88107 MB/s
os: Linux
arch: x86_64

BenchmarkStrncmpShortAligned	22821	52527.764 ns/op	2379.6939 MB/s
BenchmarkStrncmpMidAligned	69261	17332.148 ns/op	7212.0316 MB/s
BenchmarkStrncmpLongAligned	518852	2314.9969 ns/op	53995.752 MB/s
BenchmarkStrncmpShortUnaligned	21734	55268.106 ns/op	2261.7023 MB/s
BenchmarkStrncmpMidUnaligned	44890	26710.144 ns/op	4679.87 MB/s
BenchmarkStrncmpLongUnaligned	516981	2323.0936 ns/op	53807.56 MB/s
BenchmarkStrncmpShortQsort	952	1259788.4 ns/op	99.223011 MB/s
BenchmarkStrncmpMidQsort	4274	280674.06 ns/op	445.35644 MB/s
